Kotlin Codelabs/Codelabs/android-sunflower-master 1.4/app/build/outputs/logs/manifest-merger-debug-report.txt
-- Merging decision tree log ---
manifest
ADDED from src\main\AndroidManifest.xml:18:1-42:12
INJECTED from src\main\AndroidManifest.xml:18:1-42:12
INJECTED from src\main\AndroidManifest.xml:18:1-42:12
INJECTED from src\main\AndroidManifest.xml:18:1-42:12
MERGED from [androidx.databinding:databinding-adapters:3.4.2] AndroidManifest.xml:17:1-24:12
MERGED from [androidx.databinding:databinding-runtime:3.4.2] AndroidManifest.xml:17:1-24:12
MERGED from [androidx.constraintlayout:constraintlayout:2.0.0-beta1] AndroidManifest.xml:2:1-11:12
MERGED from [androidx.navigation:navigation-ui-ktx:2.0.0] AndroidManifest.xml:17:1-22:12
MERGED from [androidx.navigation:navigation-ui:2.0.0] AndroidManifest.xml:17:1-22:12
MERGED from [com.google.android.material:material:1.0.0] AndroidManifest.xml:17:1-24:12
MERGED from [androidx.appcompat:appcompat:1.1.0-beta01] AndroidManifest.xml:17:1-24:12
MERGED from [androidx.core:core-ktx:1.0.2] AndroidManifest.xml:2:1-7:12
MERGED from [androidx.fragment:fragment-ktx:1.1.0-alpha09] AndroidManifest.xml:17:1-22:12
MERGED from [androidx.lifecycle:lifecycle-extensions:2.2.0-alpha01] AndroidManifest.xml:17:1-25:12
MERGED from [androidx.lifecycle:lifecycle-livedata-ktx:2.2.0-alpha01] AndroidManifest.xml:17:1-22:12
MERGED from [androidx.activity:activity-ktx:1.0.0-alpha08] AndroidManifest.xml:17:1-22:12
MERGED from [androidx.lifecycle:lifecycle-viewmodel-ktx:2.2.0-alpha01] AndroidManifest.xml:17:1-22:12
MERGED from [androidx.navigation:navigation-fragment-ktx:2.0.0] AndroidManifest.xml:17:1-22:12
MERGED from [androidx.recyclerview:recyclerview:1.1.0-alpha05] AndroidManifest.xml:17:1-22:12
MERGED from [androidx.work:work-runtime-ktx:2.1.0-beta01] AndroidManifest.xml:17:1-24:12
MERGED from [androidx.work:work-runtime:2.1.0-beta01] AndroidManifest.xml:17:1-125:12
MERGED from [androidx.room:room-runtime:2.1.0] AndroidManifest.xml:17:1-30:12
MERGED from [com.github.bumptech.glide:glide:4.9.0] AndroidManifest.xml:2:1-12:12
MERGED from [androidx.navigation:navigation-fragment:2.0.0] AndroidManifest.xml:17:1-22:12
MERGED from [androidx.fragment:fragment:1.1.0-beta01] AndroidManifest.xml:17:1-24:12
MERGED from [androidx.appcompat:appcompat-resources:1.1.0-beta01] AndroidManifest.xml:17:1-24:12
MERGED from [androidx.legacy:legacy-support-core-ui:1.0.0] AndroidManifest.xml:17:1-22:12
MERGED from [androidx.drawerlayout:drawerlayout:1.0.0] AndroidManifest.xml:17:1-22:12
MERGED from [androidx.viewpager:viewpager:1.0.0] AndroidManifest.xml:17:1-22:12
MERGED from [androidx.coordinatorlayout:coordinatorlayout:1.0.0] AndroidManifest.xml:17:1-22:12
MERGED from [androidx.slidingpanelayout:slidingpanelayout:1.0.0] AndroidManifest.xml:17:1-22:12
MERGED from [androidx.customview:customview:1.0.0] AndroidManifest.xml:17:1-22:12
MERGED from [androidx.navigation:navigation-runtime-ktx:2.0.0] AndroidManifest.xml:17:1-22:12
MERGED from [androidx.navigation:navigation-runtime:2.0.0] AndroidManifest.xml:17:1-22:12
MERGED from [androidx.legacy:legacy-support-core-utils:1.0.0] AndroidManifest.xml:17:1-22:12
MERGED from [androidx.transition:transition:1.0.0] AndroidManifest.xml:17:1-22:12
MERGED from [androidx.loader:loader:1.0.0] AndroidManifest.xml:17:1-22:12
MERGED from [androidx.activity:activity:1.0.0-beta01] AndroidManifest.xml:17:1-24:12
MERGED from [androidx.vectordrawable:vectordrawable-animated:1.1.0-beta02] AndroidManifest.xml:17:1-24:12
MERGED from [androidx.vectordrawable:vectordrawable:1.1.0-beta02] AndroidManifest.xml:17:1-24:12
MERGED from [androidx.swiperefreshlayout:swiperefreshlayout:1.0.0] AndroidManifest.xml:17:1-22:12
MERGED from [androidx.asynclayoutinflater:asynclayoutinflater:1.0.0] AndroidManifest.xml:17:1-22:12
MERGED from [androidx.navigation:navigation-common-ktx:2.0.0] AndroidManifest.xml:17:1-22:12
MERGED from [androidx.navigation:navigation-common:2.0.0] AndroidManifest.xml:17:1-22:12
MERGED from [androidx.core:core:1.1.0-rc01] AndroidManifest.xml:17:1-26:12
MERGED from [androidx.lifecycle:lifecycle-process:2.2.0-alpha01] AndroidManifest.xml:17:1-30:12
MERGED from [androidx.lifecycle:lifecycle-service:2.2.0-alpha01] AndroidManifest.xml:17:1-22:12
MERGED from [androidx.lifecycle:lifecycle-runtime:2.2.0-alpha01] AndroidManifest.xml:17:1-22:12
MERGED from [androidx.versionedparcelable:versionedparcelable:1.1.0-rc01] AndroidManifest.xml:17:1-27:12
MERGED from [androidx.lifecycle:lifecycle-livedata-core-ktx:2.2.0-alpha01] AndroidManifest.xml:17:1-22:12
MERGED from [androidx.cursoradapter:cursoradapter:1.0.0] AndroidManifest.xml:17:1-22:12
MERGED from [androidx.lifecycle:lifecycle-livedata:2.2.0-alpha01] AndroidManifest.xml:17:1-22:12
MERGED from [androidx.lifecycle:lifecycle-livedata-core:2.2.0-alpha01] AndroidManifest.xml:17:1-22:12
MERGED from [androidx.arch.core:core-runtime:2.1.0-beta01] AndroidManifest.xml:17:1-22:12
MERGED from [androidx.savedstate:savedstate:1.0.0-beta01] AndroidManifest.xml:17:1-22:12
MERGED from [androidx.lifecycle:lifecycle-viewmodel:2.2.0-alpha01] AndroidManifest.xml:17:1-22:12
MERGED from [androidx.sqlite:sqlite-framework:2.0.1] AndroidManifest.xml:17:1-22:12
MERGED from [androidx.sqlite:sqlite:2.0.1] AndroidManifest.xml:17:1-22:12
MERGED from [com.github.bumptech.glide:gifdecoder:4.9.0] AndroidManifest.xml:2:1-11:12
MERGED from [androidx.cardview:cardview:1.0.0] AndroidManifest.xml:17:1-22:12
MERGED from [androidx.interpolator:interpolator:1.0.0] AndroidManifest.xml:17:1-22:12
MERGED from [androidx.documentfile:documentfile:1.0.0] AndroidManifest.xml:17:1-22:12
MERGED from [androidx.localbroadcastmanager:localbroadcastmanager:1.0.0] AndroidManifest.xml:17:1-22:12
MERGED from [androidx.print:print:1.0.0] AndroidManifest.xml:17:1-22:12
INJECTED from src\main\AndroidManifest.xml:18:1-42:12
INJECTED from src\main\AndroidManifest.xml:18:1-42:12
INJECTED from src\main\AndroidManifest.xml:18:1-42:12
	package
		ADDED from src\main\AndroidManifest.xml:19:5-48
		INJECTED from src\main\AndroidManifest.xml
		INJECTED from src\main\AndroidManifest.xml
	android:versionName
		INJECTED from src\main\AndroidManifest.xml
		ADDED from src\main\AndroidManifest.xml:18:1-42:12
		INJECTED from src\main\AndroidManifest.xml
	android:versionCode
		INJECTED from src\main\AndroidManifest.xml
		ADDED from src\main\AndroidManifest.xml:18:1-42:12
		INJECTED from src\main\AndroidManifest.xml
	xmlns:android
		ADDED from src\main\AndroidManifest.xml:18:11-69
uses-permission#android.permission.INTERNET
ADDED from src\main\AndroidManifest.xml:21:5-67
	android:name
		ADDED from src\main\AndroidManifest.xml:21:22-64
uses-permission#android.permission.ACCESS_NETWORK_STATE
ADDED from src\main\AndroidManifest.xml:22:5-79
MERGED from [androidx.work:work-runtime:2.1.0-beta01] AndroidManifest.xml:26:5-79
MERGED from [androidx.work:work-runtime:2.1.0-beta01] AndroidManifest.xml:26:5-79
	android:name
		ADDED from src\main\AndroidManifest.xml:22:22-76
application
ADDED from src\main\AndroidManifest.xml:24:5-40:19
MERGED from [androidx.constraintlayout:constraintlayout:2.0.0-beta1] AndroidManifest.xml:9:5-20
MERGED from [androidx.constraintlayout:constraintlayout:2.0.0-beta1] AndroidManifest.xml:9:5-20
MERGED from [com.google.android.material:material:1.0.0] AndroidManifest.xml:22:5-20
MERGED from [com.google.android.material:material:1.0.0] AndroidManifest.xml:22:5-20
MERGED from [androidx.lifecycle:lifecycle-extensions:2.2.0-alpha01] AndroidManifest.xml:22:5-23:19
MERGED from [androidx.lifecycle:lifecycle-extensions:2.2.0-alpha01] AndroidManifest.xml:22:5-23:19
MERGED from [androidx.work:work-runtime:2.1.0-beta01] AndroidManifest.xml:29:5-123:19
MERGED from [androidx.work:work-runtime:2.1.0-beta01] AndroidManifest.xml:29:5-123:19
MERGED from [androidx.room:room-runtime:2.1.0] AndroidManifest.xml:24:5-28:19
MERGED from [androidx.room:room-runtime:2.1.0] AndroidManifest.xml:24:5-28:19
MERGED from [com.github.bumptech.glide:glide:4.9.0] AndroidManifest.xml:10:5-20
MERGED from [com.github.bumptech.glide:glide:4.9.0] AndroidManifest.xml:10:5-20
MERGED from [androidx.core:core:1.1.0-rc01] AndroidManifest.xml:24:5-89
MERGED from [androidx.core:core:1.1.0-rc01] AndroidManifest.xml:24:5-89
MERGED from [androidx.lifecycle:lifecycle-process:2.2.0-alpha01] AndroidManifest.xml:22:5-28:19
MERGED from [androidx.lifecycle:lifecycle-process:2.2.0-alpha01] AndroidManifest.xml:22:5-28:19
MERGED from [androidx.versionedparcelable:versionedparcelable:1.1.0-rc01] AndroidManifest.xml:24:5-25:19
MERGED from [androidx.versionedparcelable:versionedparcelable:1.1.0-rc01] AndroidManifest.xml:24:5-25:19
MERGED from [com.github.bumptech.glide:gifdecoder:4.9.0] AndroidManifest.xml:9:5-20
MERGED from [com.github.bumptech.glide:gifdecoder:4.9.0] AndroidManifest.xml:9:5-20
	android:appComponentFactory
		ADDED from [androidx.core:core:1.1.0-rc01] AndroidManifest.xml:24:18-86
	android:supportsRtl
		ADDED from src\main\AndroidManifest.xml:29:9-35
	android:label
		ADDED from src\main\AndroidManifest.xml:27:9-41
	android:roundIcon
		ADDED from src\main\AndroidManifest.xml:28:9-54
	android:icon
		ADDED from src\main\AndroidManifest.xml:26:9-43
	android:allowBackup
		ADDED from src\main\AndroidManifest.xml:25:9-35
	android:theme
		ADDED from src\main\AndroidManifest.xml:30:9-40
activity#com.google.samples.apps.sunflower.GardenActivity
ADDED from src\main\AndroidManifest.xml:31:9-39:20
	android:theme
		ADDED from src\main\AndroidManifest.xml:33:13-56
	android:name
		ADDED from src\main\AndroidManifest.xml:32:13-43
intent-filter#action:name:android.intent.action.MAIN+category:name:android.intent.category.LAUNCHER
ADDED from src\main\AndroidManifest.xml:34:13-38:29
action#android.intent.action.MAIN
ADDED from src\main\AndroidManifest.xml:35:17-69
	android:name
		ADDED from src\main\AndroidManifest.xml:35:25-66
category#android.intent.category.LAUNCHER
ADDED from src\main\AndroidManifest.xml:37:17-77
	android:name
		ADDED from src\main\AndroidManifest.xml:37:27-74
uses-sdk
INJECTED from src\main\AndroidManifest.xml reason: use-sdk injection requested
INJECTED from src\main\AndroidManifest.xml
INJECTED from src\main\AndroidManifest.xml
MERGED from [androidx.databinding:databinding-adapters:3.4.2] AndroidManifest.xml:22:5-44
MERGED from [androidx.databinding:databinding-adapters:3.4.2] AndroidManifest.xml:22:5-44
MERGED from [androidx.databinding:databinding-runtime:3.4.2] AndroidManifest.xml:22:5-44
MERGED from [androidx.databinding:databinding-runtime:3.4.2] AndroidManifest.xml:22:5-44
MERGED from [androidx.constraintlayout:constraintlayout:2.0.0-beta1] AndroidManifest.xml:5:5-7:41
MERGED from [androidx.constraintlayout:constraintlayout:2.0.0-beta1] AndroidManifest.xml:5:5-7:41
MERGED from [androidx.navigation:navigation-ui-ktx:2.0.0] AndroidManifest.xml:20:5-44
MERGED from [androidx.navigation:navigation-ui-ktx:2.0.0] AndroidManifest.xml:20:5-44
MERGED from [androidx.navigation:navigation-ui:2.0.0] AndroidManifest.xml:20:5-44
MERGED from [androidx.navigation:navigation-ui:2.0.0] AndroidManifest.xml:20:5-44
MERGED from [com.google.android.material:material:1.0.0] AndroidManifest.xml:20:5-44
MERGED from [com.google.android.material:material:1.0.0] AndroidManifest.xml:20:5-44
MERGED from [androidx.appcompat:appcompat:1.1.0-beta01] AndroidManifest.xml:20:5-22:41
MERGED from [androidx.appcompat:appcompat:1.1.0-beta01] AndroidManifest.xml:20:5-22:41
MERGED from [androidx.core:core-ktx:1.0.2] AndroidManifest.xml:5:5-44
MERGED from [androidx.core:core-ktx:1.0.2] AndroidManifest.xml:5:5-44
MERGED from [androidx.fragment:fragment-ktx:1.1.0-alpha09] AndroidManifest.xml:20:5-44
MERGED from [androidx.fragment:fragment-ktx:1.1.0-alpha09] AndroidManifest.xml:20:5-44
MERGED from [androidx.lifecycle:lifecycle-extensions:2.2.0-alpha01] AndroidManifest.xml:20:5-44
MERGED from [androidx.lifecycle:lifecycle-extensions:2.2.0-alpha01] AndroidManifest.xml:20:5-44
MERGED from [androidx.lifecycle:lifecycle-livedata-ktx:2.2.0-alpha01] AndroidManifest.xml:20:5-44
MERGED from [androidx.lifecycle:lifecycle-livedata-ktx:2.2.0-alpha01] AndroidManifest.xml:20:5-44
MERGED from [androidx.activity:activity-ktx:1.0.0-alpha08] AndroidManifest.xml:20:5-44
MERGED from [androidx.activity:activity-ktx:1.0.0-alpha08] AndroidManifest.xml:20:5-44
MERGED from [androidx.lifecycle:lifecycle-viewmodel-ktx:2.2.0-alpha01] AndroidManifest.xml:20:5-44
MERGED from [androidx.lifecycle:lifecycle-viewmodel-ktx:2.2.0-alpha01] AndroidManifest.xml:20:5-44
MERGED from [androidx.navigation:navigation-fragment-ktx:2.0.0] AndroidManifest.xml:20:5-44
MERGED from [androidx.navigation:navigation-fragment-ktx:2.0.0] AndroidManifest.xml:20:5-44
MERGED from [androidx.recyclerview:recyclerview:1.1.0-alpha05] AndroidManifest.xml:20:5-44
MERGED from [androidx.recyclerview:recyclerview:1.1.0-alpha05] AndroidManifest.xml:20:5-44
MERGED from [androidx.work:work-runtime-ktx:2.1.0-beta01] AndroidManifest.xml:20:5-22:41
MERGED from [androidx.work:work-runtime-ktx:2.1.0-beta01] AndroidManifest.xml:20:5-22:41
MERGED from [androidx.work:work-runtime:2.1.0-beta01] AndroidManifest.xml:21:5-23:41
MERGED from [androidx.work:work-runtime:2.1.0-beta01] AndroidManifest.xml:21:5-23:41
MERGED from [androidx.room:room-runtime:2.1.0] AndroidManifest.xml:20:5-22:41
MERGED from [androidx.room:room-runtime:2.1.0] AndroidManifest.xml:20:5-22:41
MERGED from [com.github.bumptech.glide:glide:4.9.0] AndroidManifest.xml:6:5-8:41
MERGED from [com.github.bumptech.glide:glide:4.9.0] AndroidManifest.xml:6:5-8:41
MERGED from [androidx.navigation:navigation-fragment:2.0.0] AndroidManifest.xml:20:5-44
MERGED from [androidx.navigation:navigation-fragment:2.0.0] AndroidManifest.xml:20:5-44
MERGED from [androidx.fragment:fragment:1.1.0-beta01] AndroidManifest.xml:20:5-22:41
MERGED from [androidx.fragment:fragment:1.1.0-beta01] AndroidManifest.xml:20:5-22:41
MERGED from [androidx.appcompat:appcompat-resources:1.1.0-beta01] AndroidManifest.xml:20:5-22:41
MERGED from [androidx.appcompat:appcompat-resources:1.1.0-beta01] AndroidManifest.xml:20:5-22:41
MERGED from [androidx.legacy:legacy-support-core-ui:1.0.0] AndroidManifest.xml:20:5-44
MERGED from [androidx.legacy:legacy-support-core-ui:1.0.0] AndroidManifest.xml:20:5-44
MERGED from [androidx.drawerlayout:drawerlayout:1.0.0] AndroidManifest.xml:20:5-44
MERGED from [androidx.drawerlayout:drawerlayout:1.0.0] AndroidManifest.xml:20:5-44
MERGED from [androidx.viewpager:viewpager:1.0.0] AndroidManifest.xml:20:5-44
MERGED from [androidx.viewpager:viewpager:1.0.0] AndroidManifest.xml:20:5-44
MERGED from [androidx.coordinatorlayout:coordinatorlayout:1.0.0] AndroidManifest.xml:20:5-44
MERGED from [androidx.coordinatorlayout:coordinatorlayout:1.0.0] AndroidManifest.xml:20:5-44
MERGED from [androidx.slidingpanelayout:slidingpanelayout:1.0.0] AndroidManifest.xml:20:5-44
MERGED from [androidx.slidingpanelayout:slidingpanelayout:1.0.0] AndroidManifest.xml:20:5-44
MERGED from [androidx.customview:customview:1.0.0] AndroidManifest.xml:20:5-44
MERGED from [androidx.customview:customview:1.0.0] AndroidManifest.xml:20:5-44
MERGED from [androidx.navigation:navigation-runtime-ktx:2.0.0] AndroidManifest.xml:20:5-44
MERGED from [androidx.navigation:navigation-runtime-ktx:2.0.0] AndroidManifest.xml:20:5-44
MERGED from [androidx.navigation:navigation-runtime:2.0.0] AndroidManifest.xml:20:5-44
MERGED from [androidx.navigation:navigation-runtime:2.0.0] AndroidManifest.xml:20:5-44
MERGED from [androidx.legacy:legacy-support-core-utils:1.0.0] AndroidManifest.xml:20:5-44
MERGED from [androidx.legacy:legacy-support-core-utils:1.0.0] AndroidManifest.xml:20:5-44
MERGED from [androidx.transition:transition:1.0.0] AndroidManifest.xml:20:5-44
MERGED from [androidx.transition:transition:1.0.0] AndroidManifest.xml:20:5-44
MERGED from [androidx.loader:loader:1.0.0] AndroidManifest.xml:20:5-44
MERGED from [androidx.loader:loader:1.0.0] AndroidManifest.xml:20:5-44
MERGED from [androidx.activity:activity:1.0.0-beta01] AndroidManifest.xml:20:5-22:41
MERGED from [androidx.activity:activity:1.0.0-beta01] AndroidManifest.xml:20:5-22:41
MERGED from [androidx.vectordrawable:vectordrawable-animated:1.1.0-beta02] AndroidManifest.xml:20:5-22:41
MERGED from [androidx.vectordrawable:vectordrawable-animated:1.1.0-beta02] AndroidManifest.xml:20:5-22:41
MERGED from [androidx.vectordrawable:vectordrawable:1.1.0-beta02] AndroidManifest.xml:20:5-22:41
MERGED from [androidx.vectordrawable:vectordrawable:1.1.0-beta02] AndroidManifest.xml:20:5-22:41
MERGED from [androidx.swiperefreshlayout:swiperefreshlayout:1.0.0] AndroidManifest.xml:20:5-44
MERGED from [androidx.swiperefreshlayout:swiperefreshlayout:1.0.0] AndroidManifest.xml:20:5-44
MERGED from [androidx.asynclayoutinflater:asynclayoutinflater:1.0.0] AndroidManifest.xml:20:5-44
MERGED from [androidx.asynclayoutinflater:asynclayoutinflater:1.0.0] AndroidManifest.xml:20:5-44
MERGED from [androidx.navigation:navigation-common-ktx:2.0.0] AndroidManifest.xml:20:5-44
MERGED from [androidx.navigation:navigation-common-ktx:2.0.0] AndroidManifest.xml:20:5-44
MERGED from [androidx.navigation:navigation-common:2.0.0] AndroidManifest.xml:20:5-44
MERGED from [androidx.navigation:navigation-common:2.0.0] AndroidManifest.xml:20:5-44
MERGED from [androidx.core:core:1.1.0-rc01] AndroidManifest.xml:20:5-22:41
MERGED from [androidx.core:core:1.1.0-rc01] AndroidManifest.xml:20:5-22:41
MERGED from [androidx.lifecycle:lifecycle-process:2.2.0-alpha01] AndroidManifest.xml:20:5-44
MERGED from [androidx.lifecycle:lifecycle-process:2.2.0-alpha01] AndroidManifest.xml:20:5-44
MERGED from [androidx.lifecycle:lifecycle-service:2.2.0-alpha01] AndroidManifest.xml:20:5-44
MERGED from [androidx.lifecycle:lifecycle-service:2.2.0-alpha01] AndroidManifest.xml:20:5-44
MERGED from [androidx.lifecycle:lifecycle-runtime:2.2.0-alpha01] AndroidManifest.xml:20:5-44
MERGED from [androidx.lifecycle:lifecycle-runtime:2.2.0-alpha01] AndroidManifest.xml:20:5-44
MERGED from [androidx.versionedparcelable:versionedparcelable:1.1.0-rc01] AndroidManifest.xml:20:5-22:41
MERGED from [androidx.versionedparcelable:versionedparcelable:1.1.0-rc01] AndroidManifest.xml:20:5-22:41
MERGED from [androidx.lifecycle:lifecycle-livedata-core-ktx:2.2.0-alpha01] AndroidManifest.xml:20:5-44
MERGED from [androidx.lifecycle:lifecycle-livedata-core-ktx:2.2.0-alpha01] AndroidManifest.xml:20:5-44
MERGED from [androidx.cursoradapter:cursoradapter:1.0.0] AndroidManifest.xml:20:5-44
MERGED from [androidx.cursoradapter:cursoradapter:1.0.0] AndroidManifest.xml:20:5-44
MERGED from [androidx.lifecycle:lifecycle-livedata:2.2.0-alpha01] AndroidManifest.xml:20:5-44
MERGED from [androidx.lifecycle:lifecycle-livedata:2.2.0-alpha01] AndroidManifest.xml:20:5-44
MERGED from [androidx.lifecycle:lifecycle-livedata-core:2.2.0-alpha01] AndroidManifest.xml:20:5-44
MERGED from [androidx.lifecycle:lifecycle-livedata-core:2.2.0-alpha01] AndroidManifest.xml:20:5-44
MERGED from [androidx.arch.core:core-runtime:2.1.0-beta01] AndroidManifest.xml:20:5-44
MERGED from [androidx.arch.core:core-runtime:2.1.0-beta01] AndroidManifest.xml:20:5-44
MERGED from [androidx.savedstate:savedstate:1.0.0-beta01] AndroidManifest.xml:20:5-44
MERGED from [androidx.savedstate:savedstate:1.0.0-beta01] AndroidManifest.xml:20:5-44
MERGED from [androidx.lifecycle:lifecycle-viewmodel:2.2.0-alpha01] AndroidManifest.xml:20:5-44
MERGED from [androidx.lifecycle:lifecycle-viewmodel:2.2.0-alpha01] AndroidManifest.xml:20:5-44
MERGED from [androidx.sqlite:sqlite-framework:2.0.1] AndroidManifest.xml:20:5-44
MERGED from [androidx.sqlite:sqlite-framework:2.0.1] AndroidManifest.xml:20:5-44
MERGED from [androidx.sqlite:sqlite:2.0.1] AndroidManifest.xml:20:5-44
MERGED from [androidx.sqlite:sqlite:2.0.1] AndroidManifest.xml:20:5-44
MERGED from [com.github.bumptech.glide:gifdecoder:4.9.0] AndroidManifest.xml:5:5-7:41
MERGED from [com.github.bumptech.glide:gifdecoder:4.9.0] AndroidManifest.xml:5:5-7:41
MERGED from [androidx.cardview:cardview:1.0.0] AndroidManifest.xml:20:5-44
MERGED from [androidx.cardview:cardview:1.0.0] AndroidManifest.xml:20:5-44
MERGED from [androidx.interpolator:interpolator:1.0.0] AndroidManifest.xml:20:5-44
MERGED from [androidx.interpolator:interpolator:1.0.0] AndroidManifest.xml:20:5-44
MERGED from [androidx.documentfile:documentfile:1.0.0] AndroidManifest.xml:20:5-44
MERGED from [androidx.documentfile:documentfile:1.0.0] AndroidManifest.xml:20:5-44
MERGED from [androidx.localbroadcastmanager:localbroadcastmanager:1.0.0] AndroidManifest.xml:20:5-44
MERGED from [androidx.localbroadcastmanager:localbroadcastmanager:1.0.0] AndroidManifest.xml:20:5-44
MERGED from [androidx.print:print:1.0.0] AndroidManifest.xml:20:5-44
MERGED from [androidx.print:print:1.0.0] AndroidManifest.xml:20:5-44
INJECTED from src\main\AndroidManifest.xml
INJECTED from src\main\AndroidManifest.xml
	android:targetSdkVersion
		INJECTED from src\main\AndroidManifest.xml
		ADDED from src\main\AndroidManifest.xml
		INJECTED from src\main\AndroidManifest.xml
	android:minSdkVersion
		INJECTED from src\main\AndroidManifest.xml
		ADDED from src\main\AndroidManifest.xml
		INJECTED from src\main\AndroidManifest.xml
uses-permission#android.permission.WAKE_LOCK
ADDED from [androidx.work:work-runtime:2.1.0-beta01] AndroidManifest.xml:25:5-68
	android:name
		ADDED from [androidx.work:work-runtime:2.1.0-beta01] AndroidManifest.xml:25:22-65
uses-permission#android.permission.RECEIVE_BOOT_COMPLETED
ADDED from [androidx.work:work-runtime:2.1.0-beta01] AndroidManifest.xml:27:5-81
	android:name
		ADDED from [androidx.work:work-runtime:2.1.0-beta01] AndroidManifest.xml:27:22-78
provider#androidx.work.impl.WorkManagerInitializer
ADDED from [androidx.work:work-runtime:2.1.0-beta01] AndroidManifest.xml:30:9-36:35
	android:authorities
		ADDED from [androidx.work:work-runtime:2.1.0-beta01] AndroidManifest.xml:32:13-68
	android:multiprocess
		ADDED from [androidx.work:work-runtime:2.1.0-beta01] AndroidManifest.xml:35:13-40
	android:exported
		ADDED from [androidx.work:work-runtime:2.1.0-beta01] AndroidManifest.xml:34:13-37
	tools:targetApi
		ADDED from [androidx.work:work-runtime:2.1.0-beta01] AndroidManifest.xml:36:13-32
	android:directBootAware
		ADDED from [androidx.work:work-runtime:2.1.0-beta01] AndroidManifest.xml:33:13-44
	android:name
		ADDED from [androidx.work:work-runtime:2.1.0-beta01] AndroidManifest.xml:31:13-69
service#androidx.work.impl.background.systemalarm.SystemAlarmService
ADDED from [androidx.work:work-runtime:2.1.0-beta01] AndroidManifest.xml:38:9-43:35
	android:enabled
		ADDED from [androidx.work:work-runtime:2.1.0-beta01] AndroidManifest.xml:41:13-72
	android:exported
		ADDED from [androidx.work:work-runtime:2.1.0-beta01] AndroidManifest.xml:42:13-37
	tools:targetApi
		ADDED from [androidx.work:work-runtime:2.1.0-beta01] AndroidManifest.xml:43:13-32
	android:directBootAware
		ADDED from [androidx.work:work-runtime:2.1.0-beta01] AndroidManifest.xml:40:13-44
	android:name
		ADDED from [androidx.work:work-runtime:2.1.0-beta01] AndroidManifest.xml:39:13-88
service#androidx.work.impl.background.systemjob.SystemJobService
ADDED from [androidx.work:work-runtime:2.1.0-beta01] AndroidManifest.xml:44:9-50:35
	android:enabled
		ADDED from [androidx.work:work-runtime:2.1.0-beta01] AndroidManifest.xml:47:13-70
	android:exported
		ADDED from [androidx.work:work-runtime:2.1.0-beta01] AndroidManifest.xml:48:13-36
	android:permission
		ADDED from [androidx.work:work-runtime:2.1.0-beta01] AndroidManifest.xml:49:13-69
	tools:targetApi
		ADDED from [androidx.work:work-runtime:2.1.0-beta01] AndroidManifest.xml:50:13-32
	android:directBootAware
		ADDED from [androidx.work:work-runtime:2.1.0-beta01] AndroidManifest.xml:46:13-44
	android:name
		ADDED from [androidx.work:work-runtime:2.1.0-beta01] AndroidManifest.xml:45:13-84
receiver#androidx.work.impl.utils.ForceStopRunnable$BroadcastReceiver
ADDED from [androidx.work:work-runtime:2.1.0-beta01] AndroidManifest.xml:52:9-57:35
	android:enabled
		ADDED from [androidx.work:work-runtime:2.1.0-beta01] AndroidManifest.xml:55:13-35
	android:exported
		ADDED from [androidx.work:work-runtime:2.1.0-beta01] AndroidManifest.xml:56:13-37
	tools:targetApi
		ADDED from [androidx.work:work-runtime:2.1.0-beta01] AndroidManifest.xml:57:13-32
	android:directBootAware
		ADDED from [androidx.work:work-runtime:2.1.0-beta01] AndroidManifest.xml:54:13-44
	android:name
		ADDED from [androidx.work:work-runtime:2.1.0-beta01] AndroidManifest.xml:53:13-88
receiver#androidx.work.impl.background.systemalarm.ConstraintProxy$BatteryChargingProxy
ADDED from [androidx.work:work-runtime:2.1.0-beta01] AndroidManifest.xml:58:9-68:20
	android:enabled
		ADDED from [androidx.work:work-runtime:2.1.0-beta01] AndroidManifest.xml:61:13-36
	android:exported
		ADDED from [androidx.work:work-runtime:2.1.0-beta01] AndroidManifest.xml:62:13-37
	tools:targetApi
		ADDED from [androidx.work:work-runtime:2.1.0-beta01] AndroidManifest.xml:63:13-32
	android:directBootAware
		ADDED from [androidx.work:work-runtime:2.1.0-beta01] AndroidManifest.xml:60:13-44
	android:name
		ADDED from [androidx.work:work-runtime:2.1.0-beta01] AndroidManifest.xml:59:13-106
intent-filter#action:name:android.intent.action.ACTION_POWER_CONNECTED+action:name:android.intent.action.ACTION_POWER_DISCONNECTED
ADDED from [androidx.work:work-runtime:2.1.0-beta01] AndroidManifest.xml:64:13-67:29
action#android.intent.action.ACTION_POWER_CONNECTED
ADDED from [androidx.work:work-runtime:2.1.0-beta01] AndroidManifest.xml:65:17-87
	android:name
		ADDED from [androidx.work:work-runtime:2.1.0-beta01] AndroidManifest.xml:65:25-84
action#android.intent.action.ACTION_POWER_DISCONNECTED
ADDED from [androidx.work:work-runtime:2.1.0-beta01] AndroidManifest.xml:66:17-90
	android:name
		ADDED from [androidx.work:work-runtime:2.1.0-beta01] AndroidManifest.xml:66:25-87
receiver#androidx.work.impl.background.systemalarm.ConstraintProxy$BatteryNotLowProxy
ADDED from [androidx.work:work-runtime:2.1.0-beta01] AndroidManifest.xml:69:9-79:20
	android:enabled
		ADDED from [androidx.work:work-runtime:2.1.0-beta01] AndroidManifest.xml:72:13-36
	android:exported
		ADDED from [androidx.work:work-runtime:2.1.0-beta01] AndroidManifest.xml:73:13-37
	tools:targetApi
		ADDED from [androidx.work:work-runtime:2.1.0-beta01] AndroidManifest.xml:74:13-32
	android:directBootAware
		ADDED from [androidx.work:work-runtime:2.1.0-beta01] AndroidManifest.xml:71:13-44
	android:name
		ADDED from [androidx.work:work-runtime:2.1.0-beta01] AndroidManifest.xml:70:13-104
intent-filter#action:name:android.intent.action.BATTERY_LOW+action:name:android.intent.action.BATTERY_OKAY
ADDED from [androidx.work:work-runtime:2.1.0-beta01] AndroidManifest.xml:75:13-78:29
action#android.intent.action.BATTERY_OKAY
ADDED from [androidx.work:work-runtime:2.1.0-beta01] AndroidManifest.xml:76:17-77
	android:name
		ADDED from [androidx.work:work-runtime:2.1.0-beta01] AndroidManifest.xml:76:25-74
action#android.intent.action.BATTERY_LOW
ADDED from [androidx.work:work-runtime:2.1.0-beta01] AndroidManifest.xml:77:17-76
	android:name
		ADDED from [androidx.work:work-runtime:2.1.0-beta01] AndroidManifest.xml:77:25-73
receiver#androidx.work.impl.background.systemalarm.ConstraintProxy$StorageNotLowProxy
ADDED from [androidx.work:work-runtime:2.1.0-beta01] AndroidManifest.xml:80:9-90:20
	android:enabled
		ADDED from [androidx.work:work-runtime:2.1.0-beta01] AndroidManifest.xml:83:13-36
	android:exported
		ADDED from [androidx.work:work-runtime:2.1.0-beta01] AndroidManifest.xml:84:13-37
	tools:targetApi
		ADDED from [androidx.work:work-runtime:2.1.0-beta01] AndroidManifest.xml:85:13-32
	android:directBootAware
		ADDED from [androidx.work:work-runtime:2.1.0-beta01] AndroidManifest.xml:82:13-44
	android:name
		ADDED from [androidx.work:work-runtime:2.1.0-beta01] AndroidManifest.xml:81:13-104
intent-filter#action:name:android.intent.action.DEVICE_STORAGE_LOW+action:name:android.intent.action.DEVICE_STORAGE_OK
ADDED from [androidx.work:work-runtime:2.1.0-beta01] AndroidManifest.xml:86:13-89:29
action#android.intent.action.DEVICE_STORAGE_LOW
ADDED from [androidx.work:work-runtime:2.1.0-beta01] AndroidManifest.xml:87:17-83
	android:name
		ADDED from [androidx.work:work-runtime:2.1.0-beta01] AndroidManifest.xml:87:25-80
action#android.intent.action.DEVICE_STORAGE_OK
ADDED from [androidx.work:work-runtime:2.1.0-beta01] AndroidManifest.xml:88:17-82
	android:name
		ADDED from [androidx.work:work-runtime:2.1.0-beta01] AndroidManifest.xml:88:25-79
receiver#androidx.work.impl.background.systemalarm.ConstraintProxy$NetworkStateProxy
ADDED from [androidx.work:work-runtime:2.1.0-beta01] AndroidManifest.xml:91:9-100:20
	android:enabled
		ADDED from [androidx.work:work-runtime:2.1.0-beta01] AndroidManifest.xml:94:13-36
	android:exported
		ADDED from [androidx.work:work-runtime:2.1.0-beta01] AndroidManifest.xml:95:13-37
	tools:targetApi
		ADDED from [androidx.work:work-runtime:2.1.0-beta01] AndroidManifest.xml:96:13-32
	android:directBootAware
		ADDED from [androidx.work:work-runtime:2.1.0-beta01] AndroidManifest.xml:93:13-44
	android:name
		ADDED from [androidx.work:work-runtime:2.1.0-beta01] AndroidManifest.xml:92:13-103
intent-filter#action:name:android.net.conn.CONNECTIVITY_CHANGE
ADDED from [androidx.work:work-runtime:2.1.0-beta01] AndroidManifest.xml:97:13-99:29
action#android.net.conn.CONNECTIVITY_CHANGE
ADDED from [androidx.work:work-runtime:2.1.0-beta01] AndroidManifest.xml:98:17-79
	android:name
		ADDED from [androidx.work:work-runtime:2.1.0-beta01] AndroidManifest.xml:98:25-76
receiver#androidx.work.impl.background.systemalarm.RescheduleReceiver
ADDED from [androidx.work:work-runtime:2.1.0-beta01] AndroidManifest.xml:101:9-112:20
	android:enabled
		ADDED from [androidx.work:work-runtime:2.1.0-beta01] AndroidManifest.xml:104:13-36
	android:exported
		ADDED from [androidx.work:work-runtime:2.1.0-beta01] AndroidManifest.xml:105:13-37
	tools:targetApi
		ADDED from [androidx.work:work-runtime:2.1.0-beta01] AndroidManifest.xml:106:13-32
	android:directBootAware